mode: set
github.com/getto-systems/project-example-id/api_token/issue_content_token.go:15.124,20.2 1 1
github.com/getto-systems/project-example-id/api_token/issue_content_token.go:22.140,26.16 3 1
github.com/getto-systems/project-example-id/api_token/issue_content_token.go:31.2,32.19 2 1
github.com/getto-systems/project-example-id/api_token/issue_content_token.go:26.16,29.3 2 0
github.com/getto-systems/project-example-id/ticket/extend.go:21.112,27.2 1 1
github.com/getto-systems/project-example-id/ticket/extend.go:29.140,34.16 3 1
github.com/getto-systems/project-example-id/ticket/extend.go:38.2,38.12 1 1
github.com/getto-systems/project-example-id/ticket/extend.go:45.2,48.16 3 1
github.com/getto-systems/project-example-id/ticket/extend.go:53.2,56.32 3 1
github.com/getto-systems/project-example-id/ticket/extend.go:34.16,37.3 2 0
github.com/getto-systems/project-example-id/ticket/extend.go:38.12,43.3 3 0
github.com/getto-systems/project-example-id/ticket/extend.go:48.16,51.3 2 0
github.com/getto-systems/project-example-id/api_token/issue_api_token.go:16.146,22.2 1 1
github.com/getto-systems/project-example-id/api_token/issue_api_token.go:24.132,28.16 3 1
github.com/getto-systems/project-example-id/api_token/issue_api_token.go:32.2,32.12 1 1
github.com/getto-systems/project-example-id/api_token/issue_api_token.go:37.2,38.16 2 1
github.com/getto-systems/project-example-id/api_token/issue_api_token.go:43.2,44.19 2 1
github.com/getto-systems/project-example-id/api_token/issue_api_token.go:28.16,31.3 2 0
github.com/getto-systems/project-example-id/api_token/issue_api_token.go:32.12,35.3 1 1
github.com/getto-systems/project-example-id/api_token/issue_api_token.go:38.16,41.3 2 0
github.com/getto-systems/project-example-id/password_reset/validate.go:24.131,30.2 1 1
github.com/getto-systems/project-example-id/password_reset/validate.go:32.176,36.16 3 1
github.com/getto-systems/project-example-id/password_reset/validate.go:40.2,40.12 1 1
github.com/getto-systems/project-example-id/password_reset/validate.go:56.2,56.37 1 1
github.com/getto-systems/project-example-id/password_reset/validate.go:61.2,61.51 1 1
github.com/getto-systems/project-example-id/password_reset/validate.go:67.2,68.46 2 1
github.com/getto-systems/project-example-id/password_reset/validate.go:36.16,39.3 2 0
github.com/getto-systems/project-example-id/password_reset/validate.go:40.12,42.17 2 1
github.com/getto-systems/project-example-id/password_reset/validate.go:46.3,46.12 1 1
github.com/getto-systems/project-example-id/password_reset/validate.go:52.3,54.9 3 1
github.com/getto-systems/project-example-id/password_reset/validate.go:42.17,45.4 2 0
github.com/getto-systems/project-example-id/password_reset/validate.go:46.12,50.4 3 1
github.com/getto-systems/project-example-id/password_reset/validate.go:56.37,60.3 3 1
github.com/getto-systems/project-example-id/password_reset/validate.go:61.51,65.3 3 1
github.com/getto-systems/project-example-id/api_token/log/issue_api_token.go:14.67,16.2 1 0
github.com/getto-systems/project-example-id/api_token/log/issue_api_token.go:18.101,20.2 1 1
github.com/getto-systems/project-example-id/api_token/log/issue_api_token.go:21.115,23.2 1 0
github.com/getto-systems/project-example-id/api_token/log/issue_api_token.go:24.122,26.2 1 1
github.com/getto-systems/project-example-id/api_token/log/issue_api_token.go:28.150,37.2 1 1
github.com/getto-systems/project-example-id/client/backend.go:65.11,73.2 1 1
github.com/getto-systems/project-example-id/client/backend.go:82.16,89.2 1 1
github.com/getto-systems/project-example-id/client/backend.go:98.18,103.2 1 1
github.com/getto-systems/project-example-id/client/backend.go:109.14,114.2 1 1
github.com/getto-systems/project-example-id/client/backend.go:123.18,128.2 1 1
github.com/getto-systems/project-example-id/client/backend.go:143.23,152.2 1 1
github.com/getto-systems/project-example-id/data/ticket/expiration.go:20.54,25.2 1 1
github.com/getto-systems/project-example-id/data/ticket/expiration.go:26.50,28.2 1 1
github.com/getto-systems/project-example-id/data/ticket/expiration.go:29.69,31.2 1 1
github.com/getto-systems/project-example-id/data/ticket/expiration.go:32.77,34.2 1 1
github.com/getto-systems/project-example-id/data/password_reset/main.go:37.39,41.2 1 1
github.com/getto-systems/project-example-id/data/password_reset/main.go:42.39,44.2 1 1
github.com/getto-systems/project-example-id/data/password_reset/main.go:46.119,53.2 1 1
github.com/getto-systems/project-example-id/data/password_reset/main.go:54.88,56.2 1 0
github.com/getto-systems/project-example-id/data/password_reset/main.go:57.42,59.2 1 1
github.com/getto-systems/project-example-id/data/password_reset/main.go:60.44,62.2 1 1
github.com/getto-systems/project-example-id/data/password_reset/main.go:63.48,65.2 1 1
github.com/getto-systems/project-example-id/data/password_reset/main.go:67.38,71.2 1 1
github.com/getto-systems/project-example-id/data/password_reset/main.go:74.25,76.2 1 1
github.com/getto-systems/project-example-id/ticket/log/deactivate.go:13.56,15.2 1 0
github.com/getto-systems/project-example-id/ticket/log/deactivate.go:17.96,19.2 1 1
github.com/getto-systems/project-example-id/ticket/log/deactivate.go:20.110,22.2 1 0
github.com/getto-systems/project-example-id/ticket/log/deactivate.go:23.91,25.2 1 1
github.com/getto-systems/project-example-id/ticket/log/deactivate.go:27.118,35.2 1 1
github.com/getto-systems/project-example-id/client/password_change.go:22.54,24.2 1 1
github.com/getto-systems/project-example-id/client/password_change.go:26.70,30.2 3 1
github.com/getto-systems/project-example-id/client/password_change.go:31.96,33.16 2 1
github.com/getto-systems/project-example-id/client/password_change.go:37.2,38.16 2 1
github.com/getto-systems/project-example-id/client/password_change.go:42.2,43.16 2 1
github.com/getto-systems/project-example-id/client/password_change.go:47.2,48.16 2 1
github.com/getto-systems/project-example-id/client/password_change.go:52.2,52.19 1 1
github.com/getto-systems/project-example-id/client/password_change.go:33.16,35.3 1 0
github.com/getto-systems/project-example-id/client/password_change.go:38.16,40.3 1 0
github.com/getto-systems/project-example-id/client/password_change.go:43.16,45.3 1 1
github.com/getto-systems/project-example-id/client/password_change.go:48.16,50.3 1 0
github.com/getto-systems/project-example-id/client/password_change.go:55.68,59.2 3 1
github.com/getto-systems/project-example-id/client/password_change.go:60.80,62.16 2 1
github.com/getto-systems/project-example-id/client/password_change.go:66.2,67.16 2 1
github.com/getto-systems/project-example-id/client/password_change.go:71.2,72.16 2 1
github.com/getto-systems/project-example-id/client/password_change.go:76.2,77.16 2 1
github.com/getto-systems/project-example-id/client/password_change.go:81.2,82.16 2 1
github.com/getto-systems/project-example-id/client/password_change.go:86.2,86.12 1 1
github.com/getto-systems/project-example-id/client/password_change.go:62.16,64.3 1 0
github.com/getto-systems/project-example-id/client/password_change.go:67.16,69.3 1 0
github.com/getto-systems/project-example-id/client/password_change.go:72.16,74.3 1 1
github.com/getto-systems/project-example-id/client/password_change.go:77.16,79.3 1 1
github.com/getto-systems/project-example-id/client/password_change.go:82.16,84.3 1 1
github.com/getto-systems/project-example-id/user/get_user.go:18.79,23.2 1 1
github.com/getto-systems/project-example-id/user/get_user.go:25.95,29.16 3 1
github.com/getto-systems/project-example-id/user/get_user.go:33.2,33.12 1 1
github.com/getto-systems/project-example-id/user/get_user.go:39.2,40.18 2 1
github.com/getto-systems/project-example-id/user/get_user.go:29.16,32.3 2 0
github.com/getto-systems/project-example-id/user/get_user.go:33.12,37.3 3 1
github.com/getto-systems/project-example-id/api_token/repository/api_user/memory.go:14.62,16.2 1 0
github.com/getto-systems/project-example-id/api_token/repository/api_user/memory.go:18.36,22.2 1 1
github.com/getto-systems/project-example-id/api_token/repository/api_user/memory.go:24.102,26.12 2 1
github.com/getto-systems/project-example-id/api_token/repository/api_user/memory.go:29.2,29.25 1 1
github.com/getto-systems/project-example-id/api_token/repository/api_user/memory.go:26.12,28.3 1 1
github.com/getto-systems/project-example-id/api_token/repository/api_user/memory.go:32.98,35.2 2 1
github.com/getto-systems/project-example-id/user/log/main.go:13.42,17.2 1 1
github.com/getto-systems/project-example-id/user/log/main.go:19.41,21.2 1 0
github.com/getto-systems/project-example-id/password_reset/expiration.go:13.51,17.2 1 1
github.com/getto-systems/project-example-id/password_reset/expiration.go:18.74,20.2 1 1
github.com/getto-systems/project-example-id/ticket/issue.go:17.136,24.2 1 1
github.com/getto-systems/project-example-id/ticket/issue.go:26.136,33.16 5 1
github.com/getto-systems/project-example-id/ticket/issue.go:38.2,39.16 2 1
github.com/getto-systems/project-example-id/ticket/issue.go:44.2,47.29 3 1
github.com/getto-systems/project-example-id/ticket/issue.go:33.16,36.3 2 0
github.com/getto-systems/project-example-id/ticket/issue.go:39.16,42.3 2 0
github.com/getto-systems/project-example-id/api_token/log/main.go:13.42,17.2 1 1
github.com/getto-systems/project-example-id/api_token/log/main.go:19.45,21.2 1 0
github.com/getto-systems/project-example-id/client/logout.go:17.38,19.2 1 1
github.com/getto-systems/project-example-id/client/logout.go:21.52,25.2 3 1
github.com/getto-systems/project-example-id/client/logout.go:26.64,28.16 2 1
github.com/getto-systems/project-example-id/client/logout.go:32.2,33.16 2 1
github.com/getto-systems/project-example-id/client/logout.go:37.2,38.16 2 1
github.com/getto-systems/project-example-id/client/logout.go:42.2,43.16 2 1
github.com/getto-systems/project-example-id/client/logout.go:47.2,47.12 1 1
github.com/getto-systems/project-example-id/client/logout.go:28.16,30.3 1 0
github.com/getto-systems/project-example-id/client/logout.go:33.16,35.3 1 0
github.com/getto-systems/project-example-id/client/logout.go:38.16,40.3 1 1
github.com/getto-systems/project-example-id/client/logout.go:43.16,45.3 1 0
github.com/getto-systems/project-example-id/data/time/main.go:16.24,18.2 1 0
github.com/getto-systems/project-example-id/data/time/main.go:20.35,22.2 1 1
github.com/getto-systems/project-example-id/data/time/main.go:23.31,25.2 1 0
github.com/getto-systems/project-example-id/data/time/main.go:26.29,28.2 1 0
github.com/getto-systems/project-example-id/data/time/main.go:30.63,32.2 1 1
github.com/getto-systems/project-example-id/data/time/main.go:33.71,35.2 1 1
github.com/getto-systems/project-example-id/data/time/main.go:36.67,39.2 2 1
github.com/getto-systems/project-example-id/data/time/main.go:41.44,43.2 1 0
github.com/getto-systems/project-example-id/data/time/main.go:45.62,47.2 1 1
github.com/getto-systems/project-example-id/data/time/main.go:49.57,50.49 1 1
github.com/getto-systems/project-example-id/data/time/main.go:53.2,53.16 1 1
github.com/getto-systems/project-example-id/data/time/main.go:50.49,52.3 1 1
github.com/getto-systems/project-example-id/data/time/main.go:56.33,58.2 1 1
github.com/getto-systems/project-example-id/data/time/main.go:59.41,61.2 1 1
github.com/getto-systems/project-example-id/password_reset/repository/session/memory.go:28.36,34.2 1 1
github.com/getto-systems/project-example-id/password_reset/repository/session/memory.go:36.65,38.2 1 0
github.com/getto-systems/project-example-id/password_reset/repository/session/memory.go:40.149,42.12 2 1
github.com/getto-systems/project-example-id/password_reset/repository/session/memory.go:46.2,46.43 1 1
github.com/getto-systems/project-example-id/password_reset/repository/session/memory.go:42.12,44.3 1 1
github.com/getto-systems/project-example-id/password_reset/repository/session/memory.go:49.147,51.12 2 1
github.com/getto-systems/project-example-id/password_reset/repository/session/memory.go:55.2,56.12 2 1
github.com/getto-systems/project-example-id/password_reset/repository/session/memory.go:60.2,60.38 1 1
github.com/getto-systems/project-example-id/password_reset/repository/session/memory.go:51.12,53.3 1 1
github.com/getto-systems/project-example-id/password_reset/repository/session/memory.go:56.12,58.3 1 0
github.com/getto-systems/project-example-id/password_reset/repository/session/memory.go:63.104,65.12 2 1
github.com/getto-systems/project-example-id/password_reset/repository/session/memory.go:69.2,69.18 1 1
github.com/getto-systems/project-example-id/password_reset/repository/session/memory.go:65.12,67.3 1 1
github.com/getto-systems/project-example-id/password_reset/repository/session/memory.go:72.173,73.50 1 1
github.com/getto-systems/project-example-id/password_reset/repository/session/memory.go:103.2,104.8 2 0
github.com/getto-systems/project-example-id/password_reset/repository/session/memory.go:73.50,75.20 2 1
github.com/getto-systems/project-example-id/password_reset/repository/session/memory.go:80.3,83.12 3 1
github.com/getto-systems/project-example-id/password_reset/repository/session/memory.go:87.3,88.12 2 1
github.com/getto-systems/project-example-id/password_reset/repository/session/memory.go:92.3,100.29 3 1
github.com/getto-systems/project-example-id/password_reset/repository/session/memory.go:75.20,78.4 2 0
github.com/getto-systems/project-example-id/password_reset/repository/session/memory.go:83.12,84.12 1 0
github.com/getto-systems/project-example-id/password_reset/repository/session/memory.go:88.12,89.12 1 0
github.com/getto-systems/project-example-id/password_reset/repository/session/memory.go:107.84,109.12 2 1
github.com/getto-systems/project-example-id/password_reset/repository/session/memory.go:114.2,119.12 4 1
github.com/getto-systems/project-example-id/password_reset/repository/session/memory.go:109.12,112.3 2 0
github.com/getto-systems/project-example-id/password_reset/repository/session/memory.go:122.96,124.12 2 1
github.com/getto-systems/project-example-id/password_reset/repository/session/memory.go:132.2,132.12 1 1
github.com/getto-systems/project-example-id/password_reset/repository/session/memory.go:124.12,127.3 2 0
github.com/getto-systems/project-example-id/password_reset/repository/session/memory.go:134.105,136.12 2 0
github.com/getto-systems/project-example-id/password_reset/repository/session/memory.go:143.2,143.12 1 0
github.com/getto-systems/project-example-id/password_reset/repository/session/memory.go:136.12,138.3 1 0
github.com/getto-systems/project-example-id/password_reset/repository/session/memory.go:145.126,147.12 2 1
github.com/getto-systems/project-example-id/password_reset/repository/session/memory.go:154.2,154.12 1 1
github.com/getto-systems/project-example-id/password_reset/repository/session/memory.go:147.12,149.3 1 0
github.com/getto-systems/project-example-id/ticket/repository/ticket/memory.go:28.36,32.2 1 1
github.com/getto-systems/project-example-id/ticket/repository/ticket/memory.go:34.58,36.2 1 0
github.com/getto-systems/project-example-id/ticket/repository/ticket/memory.go:38.119,40.12 2 1
github.com/getto-systems/project-example-id/ticket/repository/ticket/memory.go:43.2,43.43 1 1
github.com/getto-systems/project-example-id/ticket/repository/ticket/memory.go:40.12,42.3 1 1
github.com/getto-systems/project-example-id/ticket/repository/ticket/memory.go:46.137,48.12 2 1
github.com/getto-systems/project-example-id/ticket/repository/ticket/memory.go:51.2,51.49 1 1
github.com/getto-systems/project-example-id/ticket/repository/ticket/memory.go:48.12,50.3 1 0
github.com/getto-systems/project-example-id/ticket/repository/ticket/memory.go:54.93,56.12 2 0
github.com/getto-systems/project-example-id/ticket/repository/ticket/memory.go:59.2,59.29 1 0
github.com/getto-systems/project-example-id/ticket/repository/ticket/memory.go:56.12,58.3 1 0
github.com/getto-systems/project-example-id/ticket/repository/ticket/memory.go:62.91,64.12 2 1
github.com/getto-systems/project-example-id/ticket/repository/ticket/memory.go:69.2,73.12 4 1
github.com/getto-systems/project-example-id/ticket/repository/ticket/memory.go:64.12,67.3 1 0
github.com/getto-systems/project-example-id/ticket/repository/ticket/memory.go:76.185,77.50 1 1
github.com/getto-systems/project-example-id/ticket/repository/ticket/memory.go:99.2,100.8 2 0
github.com/getto-systems/project-example-id/ticket/repository/ticket/memory.go:77.50,79.20 2 1
github.com/getto-systems/project-example-id/ticket/repository/ticket/memory.go:84.3,85.12 2 1
github.com/getto-systems/project-example-id/ticket/repository/ticket/memory.go:89.3,96.20 2 1
github.com/getto-systems/project-example-id/ticket/repository/ticket/memory.go:79.20,82.4 2 0
github.com/getto-systems/project-example-id/ticket/repository/ticket/memory.go:85.12,86.12 1 0
github.com/getto-systems/project-example-id/client/password_login.go:20.52,22.2 1 1
github.com/getto-systems/project-example-id/client/password_login.go:24.65,28.2 3 1
github.com/getto-systems/project-example-id/client/password_login.go:29.96,31.16 2 1
github.com/getto-systems/project-example-id/client/password_login.go:35.2,36.16 2 1
github.com/getto-systems/project-example-id/client/password_login.go:40.2,41.16 2 1
github.com/getto-systems/project-example-id/client/password_login.go:45.2,45.51 1 1
github.com/getto-systems/project-example-id/client/password_login.go:31.16,33.3 1 0
github.com/getto-systems/project-example-id/client/password_login.go:36.16,38.3 1 0
github.com/getto-systems/project-example-id/client/password_login.go:41.16,43.3 1 1
github.com/getto-systems/project-example-id/password/validate.go:23.155,30.2 1 1
github.com/getto-systems/project-example-id/password/validate.go:32.133,36.16 3 1
github.com/getto-systems/project-example-id/password/validate.go:41.2,42.16 2 1
github.com/getto-systems/project-example-id/password/validate.go:46.2,46.12 1 1
github.com/getto-systems/project-example-id/password/validate.go:52.2,53.16 2 1
github.com/getto-systems/project-example-id/password/validate.go:57.2,57.14 1 1
github.com/getto-systems/project-example-id/password/validate.go:63.2,64.24 2 1
github.com/getto-systems/project-example-id/password/validate.go:36.16,39.3 2 1
github.com/getto-systems/project-example-id/password/validate.go:42.16,45.3 2 0
github.com/getto-systems/project-example-id/password/validate.go:46.12,50.3 3 1
github.com/getto-systems/project-example-id/password/validate.go:53.16,56.3 2 0
github.com/getto-systems/project-example-id/password/validate.go:57.14,61.3 3 1
github.com/getto-systems/project-example-id/password_reset/close_session.go:20.120,25.2 1 1
github.com/getto-systems/project-example-id/password_reset/close_session.go:27.103,31.16 3 1
github.com/getto-systems/project-example-id/password_reset/close_session.go:36.2,37.12 2 1
github.com/getto-systems/project-example-id/password_reset/close_session.go:31.16,34.3 2 0
github.com/getto-systems/project-example-id/password_reset/push_send_token_job.go:14.176,20.2 1 1
github.com/getto-systems/project-example-id/password_reset/push_send_token_job.go:22.167,26.16 3 1
github.com/getto-systems/project-example-id/password_reset/push_send_token_job.go:31.2,32.16 2 1
github.com/getto-systems/project-example-id/password_reset/push_send_token_job.go:45.2,46.12 2 1
github.com/getto-systems/project-example-id/password_reset/push_send_token_job.go:26.16,29.3 2 0
github.com/getto-systems/project-example-id/password_reset/push_send_token_job.go:32.16,36.23 3 0
github.com/getto-systems/project-example-id/password_reset/push_send_token_job.go:41.3,41.9 1 0
github.com/getto-systems/project-example-id/password_reset/push_send_token_job.go:36.23,39.4 1 0
github.com/getto-systems/project-example-id/password/log/change.go:13.52,15.2 1 0
github.com/getto-systems/project-example-id/password/log/change.go:17.72,19.2 1 1
github.com/getto-systems/project-example-id/password/log/change.go:20.86,22.2 1 0
github.com/getto-systems/project-example-id/password/log/change.go:23.112,25.2 1 1
github.com/getto-systems/project-example-id/password/log/change.go:26.67,28.2 1 1
github.com/getto-systems/project-example-id/password/log/change.go:30.96,37.2 1 1
github.com/getto-systems/project-example-id/password_reset/send_token.go:14.186,21.2 1 1
github.com/getto-systems/project-example-id/password_reset/send_token.go:23.44,25.16 2 1
github.com/getto-systems/project-example-id/password_reset/send_token.go:29.2,32.16 3 1
github.com/getto-systems/project-example-id/password_reset/send_token.go:44.2,45.16 2 1
github.com/getto-systems/project-example-id/password_reset/send_token.go:50.2,51.12 2 1
github.com/getto-systems/project-example-id/password_reset/send_token.go:25.16,27.3 1 0
github.com/getto-systems/project-example-id/password_reset/send_token.go:32.16,36.23 3 0
github.com/getto-systems/project-example-id/password_reset/send_token.go:41.3,41.9 1 0
github.com/getto-systems/project-example-id/password_reset/send_token.go:36.23,39.4 1 0
github.com/getto-systems/project-example-id/password_reset/send_token.go:45.16,48.3 2 0
github.com/getto-systems/project-example-id/password_reset/log/push_send_token_job.go:12.76,14.2 1 0
github.com/getto-systems/project-example-id/password_reset/log/push_send_token_job.go:16.131,18.2 1 1
github.com/getto-systems/project-example-id/password_reset/log/push_send_token_job.go:19.145,21.2 1 0
github.com/getto-systems/project-example-id/password_reset/log/push_send_token_job.go:22.126,24.2 1 1
github.com/getto-systems/project-example-id/password_reset/log/push_send_token_job.go:26.153,36.2 1 1
github.com/getto-systems/project-example-id/user/log/get_user.go:12.48,14.2 1 0
github.com/getto-systems/project-example-id/user/log/get_user.go:16.75,18.2 1 1
github.com/getto-systems/project-example-id/user/log/get_user.go:19.89,21.2 1 0
github.com/getto-systems/project-example-id/user/log/get_user.go:22.108,24.2 1 1
github.com/getto-systems/project-example-id/user/log/get_user.go:25.86,27.2 1 1
github.com/getto-systems/project-example-id/user/log/get_user.go:29.114,37.2 1 1
github.com/getto-systems/project-example-id/password_reset/get_status.go:20.111,25.2 1 1
github.com/getto-systems/project-example-id/password_reset/get_status.go:27.141,31.16 3 1
github.com/getto-systems/project-example-id/password_reset/get_status.go:35.2,35.12 1 1
github.com/getto-systems/project-example-id/password_reset/get_status.go:40.2,40.37 1 1
github.com/getto-systems/project-example-id/password_reset/get_status.go:46.2,47.20 2 1
github.com/getto-systems/project-example-id/password_reset/get_status.go:31.16,34.3 2 0
github.com/getto-systems/project-example-id/password_reset/get_status.go:35.12,39.3 3 1
github.com/getto-systems/project-example-id/password_reset/get_status.go:40.37,44.3 3 1
github.com/getto-systems/project-example-id/client/renew.go:18.36,22.2 1 1
github.com/getto-systems/project-example-id/client/renew.go:24.49,28.2 3 1
github.com/getto-systems/project-example-id/client/renew.go:29.80,31.16 2 1
github.com/getto-systems/project-example-id/client/renew.go:35.2,36.16 2 1
github.com/getto-systems/project-example-id/client/renew.go:40.2,41.16 2 1
github.com/getto-systems/project-example-id/client/renew.go:45.2,46.16 2 1
github.com/getto-systems/project-example-id/client/renew.go:50.2,50.74 1 1
github.com/getto-systems/project-example-id/client/renew.go:31.16,33.3 1 0
github.com/getto-systems/project-example-id/client/renew.go:36.16,38.3 1 0
github.com/getto-systems/project-example-id/client/renew.go:41.16,43.3 1 1
github.com/getto-systems/project-example-id/client/renew.go:46.16,48.3 1 0
github.com/getto-systems/project-example-id/data/user/main.go:15.34,19.2 1 1
github.com/getto-systems/project-example-id/data/user/main.go:21.30,23.2 1 1
github.com/getto-systems/project-example-id/data/user/main.go:25.38,29.2 1 1
github.com/getto-systems/project-example-id/data/user/main.go:31.33,33.2 1 1
github.com/getto-systems/project-example-id/password_reset/log/get_status.go:12.62,14.2 1 0
github.com/getto-systems/project-example-id/password_reset/log/get_status.go:16.91,18.2 1 1
github.com/getto-systems/project-example-id/password_reset/log/get_status.go:19.105,21.2 1 0
github.com/getto-systems/project-example-id/password_reset/log/get_status.go:22.127,24.2 1 1
github.com/getto-systems/project-example-id/password_reset/log/get_status.go:25.128,27.2 1 1
github.com/getto-systems/project-example-id/password_reset/log/get_status.go:28.116,30.2 1 1
github.com/getto-systems/project-example-id/password_reset/log/get_status.go:32.144,42.2 1 1
github.com/getto-systems/project-example-id/password_reset/log/main.go:13.42,17.2 1 1
github.com/getto-systems/project-example-id/password_reset/log/main.go:19.51,21.2 1 0
github.com/getto-systems/project-example-id/password_reset/log/send_token.go:12.62,14.2 1 0
github.com/getto-systems/project-example-id/password_reset/log/send_token.go:16.124,18.2 1 1
github.com/getto-systems/project-example-id/password_reset/log/send_token.go:19.138,21.2 1 0
github.com/getto-systems/project-example-id/password_reset/log/send_token.go:22.119,24.2 1 1
github.com/getto-systems/project-example-id/password_reset/log/send_token.go:26.146,36.2 1 1
github.com/getto-systems/project-example-id/password_reset/repository/destination/memory.go:14.36,18.2 1 1
github.com/getto-systems/project-example-id/password_reset/repository/destination/memory.go:20.69,22.2 1 0
github.com/getto-systems/project-example-id/password_reset/repository/destination/memory.go:24.113,26.12 2 1
github.com/getto-systems/project-example-id/password_reset/repository/destination/memory.go:30.2,30.25 1 1
github.com/getto-systems/project-example-id/password_reset/repository/destination/memory.go:26.12,28.3 1 1
github.com/getto-systems/project-example-id/password_reset/repository/destination/memory.go:33.108,36.2 2 1
github.com/getto-systems/project-example-id/password_reset/sender/main.go:17.57,21.2 1 1
github.com/getto-systems/project-example-id/password_reset/sender/main.go:23.68,25.2 1 0
github.com/getto-systems/project-example-id/password_reset/sender/main.go:27.110,28.19 1 1
github.com/getto-systems/project-example-id/password_reset/sender/main.go:33.2,33.42 1 0
github.com/getto-systems/project-example-id/password_reset/sender/main.go:29.13,30.73 1 1
github.com/getto-systems/project-example-id/client/password_reset.go:29.52,31.2 1 1
github.com/getto-systems/project-example-id/client/password_reset.go:33.73,37.2 3 1
github.com/getto-systems/project-example-id/client/password_reset.go:38.111,40.16 2 1
github.com/getto-systems/project-example-id/client/password_reset.go:44.2,45.16 2 1
github.com/getto-systems/project-example-id/client/password_reset.go:49.2,50.16 2 1
github.com/getto-systems/project-example-id/client/password_reset.go:55.2,56.16 2 1
github.com/getto-systems/project-example-id/client/password_reset.go:60.2,60.21 1 1
github.com/getto-systems/project-example-id/client/password_reset.go:40.16,42.3 1 0
github.com/getto-systems/project-example-id/client/password_reset.go:45.16,47.3 1 1
github.com/getto-systems/project-example-id/client/password_reset.go:50.16,52.3 1 1
github.com/getto-systems/project-example-id/client/password_reset.go:56.16,58.3 1 0
github.com/getto-systems/project-example-id/client/password_reset.go:63.69,67.2 3 1
github.com/getto-systems/project-example-id/client/password_reset.go:68.75,70.2 1 1
github.com/getto-systems/project-example-id/client/password_reset.go:72.69,76.2 3 1
github.com/getto-systems/project-example-id/client/password_reset.go:77.106,79.16 2 1
github.com/getto-systems/project-example-id/client/password_reset.go:83.2,83.68 1 1
github.com/getto-systems/project-example-id/client/password_reset.go:79.16,81.3 1 0
github.com/getto-systems/project-example-id/client/password_reset.go:86.65,90.2 3 1
github.com/getto-systems/project-example-id/client/password_reset.go:91.96,93.16 2 1
github.com/getto-systems/project-example-id/client/password_reset.go:97.2,98.16 2 1
github.com/getto-systems/project-example-id/client/password_reset.go:102.2,103.16 2 1
github.com/getto-systems/project-example-id/client/password_reset.go:107.2,108.16 2 1
github.com/getto-systems/project-example-id/client/password_reset.go:112.2,112.51 1 1
github.com/getto-systems/project-example-id/client/password_reset.go:93.16,95.3 1 0
github.com/getto-systems/project-example-id/client/password_reset.go:98.16,100.3 1 1
github.com/getto-systems/project-example-id/client/password_reset.go:103.16,105.3 1 1
github.com/getto-systems/project-example-id/client/password_reset.go:108.16,110.3 1 0
github.com/getto-systems/project-example-id/data/request/main.go:20.78,27.2 1 1
github.com/getto-systems/project-example-id/data/request/main.go:29.55,31.2 1 1
github.com/getto-systems/project-example-id/data/request/main.go:33.38,35.2 1 0
github.com/getto-systems/project-example-id/data/request/main.go:37.44,39.2 1 0
github.com/getto-systems/project-example-id/ticket/validate.go:23.118,29.2 1 1
github.com/getto-systems/project-example-id/ticket/validate.go:31.105,35.16 3 1
github.com/getto-systems/project-example-id/ticket/validate.go:40.2,40.29 1 1
github.com/getto-systems/project-example-id/ticket/validate.go:46.2,47.16 2 1
github.com/getto-systems/project-example-id/ticket/validate.go:51.2,51.12 1 1
github.com/getto-systems/project-example-id/ticket/validate.go:56.2,56.38 1 1
github.com/getto-systems/project-example-id/ticket/validate.go:62.2,62.44 1 1
github.com/getto-systems/project-example-id/ticket/validate.go:68.2,69.22 2 1
github.com/getto-systems/project-example-id/ticket/validate.go:35.16,38.3 2 0
github.com/getto-systems/project-example-id/ticket/validate.go:40.29,44.3 3 1
github.com/getto-systems/project-example-id/ticket/validate.go:47.16,50.3 2 0
github.com/getto-systems/project-example-id/ticket/validate.go:51.12,55.3 3 1
github.com/getto-systems/project-example-id/ticket/validate.go:56.38,60.3 3 1
github.com/getto-systems/project-example-id/ticket/validate.go:62.44,66.3 3 1
github.com/getto-systems/project-example-id/user/get_login.go:18.82,23.2 1 1
github.com/getto-systems/project-example-id/user/get_login.go:25.95,29.16 3 1
github.com/getto-systems/project-example-id/user/get_login.go:33.2,33.12 1 1
github.com/getto-systems/project-example-id/user/get_login.go:40.2,41.19 2 1
github.com/getto-systems/project-example-id/user/get_login.go:29.16,32.3 2 0
github.com/getto-systems/project-example-id/user/get_login.go:33.12,38.3 3 0
github.com/getto-systems/project-example-id/password_reset/log/validate.go:13.60,15.2 1 0
github.com/getto-systems/project-example-id/password_reset/log/validate.go:17.81,19.2 1 1
github.com/getto-systems/project-example-id/password_reset/log/validate.go:20.95,22.2 1 0
github.com/getto-systems/project-example-id/password_reset/log/validate.go:23.117,25.2 1 1
github.com/getto-systems/project-example-id/password_reset/log/validate.go:26.115,28.2 1 1
github.com/getto-systems/project-example-id/password_reset/log/validate.go:29.116,31.2 1 1
github.com/getto-systems/project-example-id/password_reset/log/validate.go:32.118,34.2 1 1
github.com/getto-systems/project-example-id/password_reset/log/validate.go:35.90,37.2 1 1
github.com/getto-systems/project-example-id/password_reset/log/validate.go:39.115,47.2 1 1
github.com/getto-systems/project-example-id/user/repository/user/memory.go:14.36,19.2 1 1
github.com/getto-systems/project-example-id/user/repository/user/memory.go:21.54,23.2 1 0
github.com/getto-systems/project-example-id/user/repository/user/memory.go:25.87,28.2 2 1
github.com/getto-systems/project-example-id/user/repository/user/memory.go:30.87,33.2 2 1
github.com/getto-systems/project-example-id/user/repository/user/memory.go:35.80,39.2 3 1
github.com/getto-systems/project-example-id/data/credential.go:18.141,25.2 1 1
github.com/getto-systems/project-example-id/data/credential.go:26.53,28.2 1 1
github.com/getto-systems/project-example-id/data/credential.go:29.60,31.2 1 1
github.com/getto-systems/project-example-id/data/credential.go:32.68,34.2 1 1
github.com/getto-systems/project-example-id/data/credential.go:35.53,37.2 1 1
github.com/getto-systems/project-example-id/password_reset/log/create_session.go:14.70,16.2 1 0
github.com/getto-systems/project-example-id/password_reset/log/create_session.go:18.119,20.2 1 1
github.com/getto-systems/project-example-id/password_reset/log/create_session.go:21.133,23.2 1 0
github.com/getto-systems/project-example-id/password_reset/log/create_session.go:24.159,26.2 1 1
github.com/getto-systems/project-example-id/password_reset/log/create_session.go:27.179,29.2 1 1
github.com/getto-systems/project-example-id/password_reset/log/create_session.go:31.208,44.2 1 1
github.com/getto-systems/project-example-id/ticket/log/validate.go:13.52,15.2 1 0
github.com/getto-systems/project-example-id/ticket/log/validate.go:17.78,19.2 1 1
github.com/getto-systems/project-example-id/ticket/log/validate.go:20.92,22.2 1 0
github.com/getto-systems/project-example-id/ticket/log/validate.go:23.113,25.2 1 1
github.com/getto-systems/project-example-id/ticket/log/validate.go:26.110,28.2 1 1
github.com/getto-systems/project-example-id/ticket/log/validate.go:29.106,31.2 1 1
github.com/getto-systems/project-example-id/ticket/log/validate.go:32.93,34.2 1 1
github.com/getto-systems/project-example-id/ticket/log/validate.go:36.117,44.2 1 1
github.com/getto-systems/project-example-id/ticket/deactivate.go:14.96,19.2 1 1
github.com/getto-systems/project-example-id/ticket/deactivate.go:21.112,26.16 3 1
github.com/getto-systems/project-example-id/ticket/deactivate.go:31.2,32.12 2 1
github.com/getto-systems/project-example-id/ticket/deactivate.go:26.16,29.3 2 0
github.com/getto-systems/project-example-id/password_reset/job_queue/send_token/memory.go:23.36,25.2 1 1
github.com/getto-systems/project-example-id/password_reset/job_queue/send_token/memory.go:27.68,29.2 1 0
github.com/getto-systems/project-example-id/password_reset/job_queue/send_token/memory.go:31.174,39.2 2 1
github.com/getto-systems/project-example-id/password_reset/job_queue/send_token/memory.go:41.158,42.26 1 1
github.com/getto-systems/project-example-id/password_reset/job_queue/send_token/memory.go:47.2,50.66 3 1
github.com/getto-systems/project-example-id/password_reset/job_queue/send_token/memory.go:42.26,45.3 2 0
github.com/getto-systems/project-example-id/client/client.go:23.67,28.2 1 1
github.com/getto-systems/project-example-id/client/client.go:30.78,31.16 1 1
github.com/getto-systems/project-example-id/client/client.go:31.16,33.3 1 1
github.com/getto-systems/project-example-id/client/client.go:33.8,35.3 1 1
github.com/getto-systems/project-example-id/client/client.go:37.55,38.44 1 1
github.com/getto-systems/project-example-id/client/client.go:38.44,40.3 1 1
github.com/getto-systems/project-example-id/client/client.go:42.40,44.2 1 1
github.com/getto-systems/project-example-id/client/client.go:45.57,47.2 1 1
github.com/getto-systems/project-example-id/ticket/log/extend.go:14.48,16.2 1 0
github.com/getto-systems/project-example-id/ticket/log/extend.go:18.92,20.2 1 1
github.com/getto-systems/project-example-id/ticket/log/extend.go:21.106,23.2 1 0
github.com/getto-systems/project-example-id/ticket/log/extend.go:24.133,26.2 1 1
github.com/getto-systems/project-example-id/ticket/log/extend.go:28.162,38.2 1 1
github.com/getto-systems/project-example-id/data/api_token/main.go:21.31,23.2 1 1
github.com/getto-systems/project-example-id/data/api_token/main.go:25.67,30.2 1 1
github.com/getto-systems/project-example-id/data/api_token/main.go:31.43,33.2 1 1
github.com/getto-systems/project-example-id/data/api_token/main.go:34.48,36.2 1 0
github.com/getto-systems/project-example-id/data/api_token/main.go:38.105,44.2 1 1
github.com/getto-systems/project-example-id/data/api_token/main.go:45.48,47.2 1 0
github.com/getto-systems/project-example-id/data/api_token/main.go:48.50,50.2 1 0
github.com/getto-systems/project-example-id/data/api_token/main.go:51.56,53.2 1 0
github.com/getto-systems/project-example-id/data/error.go:19.52,24.2 1 1
github.com/getto-systems/project-example-id/data/error.go:26.33,28.2 1 1
github.com/getto-systems/project-example-id/data/error.go:30.40,32.9 2 1
github.com/getto-systems/project-example-id/data/error.go:35.2,35.31 1 1
github.com/getto-systems/project-example-id/data/error.go:32.9,34.3 1 0
github.com/getto-systems/project-example-id/password/change.go:15.124,21.2 1 1
github.com/getto-systems/project-example-id/password/change.go:23.108,27.16 3 1
github.com/getto-systems/project-example-id/password/change.go:32.2,33.16 2 1
github.com/getto-systems/project-example-id/password/change.go:38.2,39.16 2 1
github.com/getto-systems/project-example-id/password/change.go:44.2,45.12 2 1
github.com/getto-systems/project-example-id/password/change.go:27.16,30.3 2 1
github.com/getto-systems/project-example-id/password/change.go:33.16,36.3 2 0
github.com/getto-systems/project-example-id/password/change.go:39.16,42.3 2 0
github.com/getto-systems/project-example-id/password/check_length.go:17.56,18.19 1 1
github.com/getto-systems/project-example-id/password/check_length.go:23.2,23.35 1 1
github.com/getto-systems/project-example-id/password/check_length.go:28.2,28.12 1 1
github.com/getto-systems/project-example-id/password/check_length.go:18.19,21.3 2 1
github.com/getto-systems/project-example-id/password/check_length.go:23.35,26.3 2 1
github.com/getto-systems/project-example-id/password/log/main.go:13.42,17.2 1 1
github.com/getto-systems/project-example-id/password/log/main.go:19.45,21.2 1 0
github.com/getto-systems/project-example-id/ticket/log/issue.go:14.46,16.2 1 0
github.com/getto-systems/project-example-id/ticket/log/issue.go:18.117,20.2 1 1
github.com/getto-systems/project-example-id/ticket/log/issue.go:21.131,23.2 1 0
github.com/getto-systems/project-example-id/ticket/log/issue.go:24.132,26.2 1 1
github.com/getto-systems/project-example-id/ticket/log/issue.go:28.160,38.2 1 1
github.com/getto-systems/project-example-id/user/log/get_login.go:12.50,14.2 1 0
github.com/getto-systems/project-example-id/user/log/get_login.go:16.74,18.2 1 1
github.com/getto-systems/project-example-id/user/log/get_login.go:19.88,21.2 1 0
github.com/getto-systems/project-example-id/user/log/get_login.go:22.87,24.2 1 1
github.com/getto-systems/project-example-id/user/log/get_login.go:26.115,34.2 1 1
github.com/getto-systems/project-example-id/client/issue_credential.go:12.129,14.16 2 1
github.com/getto-systems/project-example-id/client/issue_credential.go:18.2,19.16 2 1
github.com/getto-systems/project-example-id/client/issue_credential.go:23.2,23.76 1 1
github.com/getto-systems/project-example-id/client/issue_credential.go:14.16,16.3 1 0
github.com/getto-systems/project-example-id/client/issue_credential.go:19.16,21.3 1 0
github.com/getto-systems/project-example-id/client/issue_credential.go:26.158,28.16 2 1
github.com/getto-systems/project-example-id/client/issue_credential.go:32.2,32.73 1 1
github.com/getto-systems/project-example-id/client/issue_credential.go:28.16,30.3 1 0
github.com/getto-systems/project-example-id/client/issue_credential.go:35.155,37.16 2 1
github.com/getto-systems/project-example-id/client/issue_credential.go:41.2,42.16 2 1
github.com/getto-systems/project-example-id/client/issue_credential.go:46.2,46.36 1 1
github.com/getto-systems/project-example-id/client/issue_credential.go:37.16,39.3 1 0
github.com/getto-systems/project-example-id/client/issue_credential.go:42.16,44.3 1 0
github.com/getto-systems/project-example-id/password_reset/create_session.go:23.228,31.2 1 1
github.com/getto-systems/project-example-id/password_reset/create_session.go:33.187,40.16 5 1
github.com/getto-systems/project-example-id/password_reset/create_session.go:44.2,44.12 1 1
github.com/getto-systems/project-example-id/password_reset/create_session.go:50.2,54.16 2 1
github.com/getto-systems/project-example-id/password_reset/create_session.go:59.2,60.34 2 1
github.com/getto-systems/project-example-id/password_reset/create_session.go:40.16,43.3 2 0
github.com/getto-systems/project-example-id/password_reset/create_session.go:44.12,48.3 3 1
github.com/getto-systems/project-example-id/password_reset/create_session.go:54.16,57.3 2 0
github.com/getto-systems/project-example-id/password/log/validate.go:13.54,15.2 1 0
github.com/getto-systems/project-example-id/password/log/validate.go:17.74,19.2 1 1
github.com/getto-systems/project-example-id/password/log/validate.go:20.114,22.2 1 1
github.com/getto-systems/project-example-id/password/log/validate.go:23.111,25.2 1 1
github.com/getto-systems/project-example-id/password/log/validate.go:26.114,28.2 1 1
github.com/getto-systems/project-example-id/password/log/validate.go:29.88,31.2 1 0
github.com/getto-systems/project-example-id/password/log/validate.go:32.75,34.2 1 1
github.com/getto-systems/project-example-id/password/log/validate.go:36.96,43.2 1 1
github.com/getto-systems/project-example-id/password_reset/log/close_session.go:12.68,14.2 1 0
github.com/getto-systems/project-example-id/password_reset/log/close_session.go:16.94,18.2 1 1
github.com/getto-systems/project-example-id/password_reset/log/close_session.go:19.108,21.2 1 0
github.com/getto-systems/project-example-id/password_reset/log/close_session.go:22.89,24.2 1 1
github.com/getto-systems/project-example-id/password_reset/log/close_session.go:26.116,35.2 1 1
github.com/getto-systems/project-example-id/data/ticket/main.go:12.49,17.2 1 1
github.com/getto-systems/project-example-id/data/ticket/main.go:18.36,20.2 1 1
github.com/getto-systems/project-example-id/data/ticket/main.go:21.36,23.2 1 1
github.com/getto-systems/project-example-id/api_token/log/issue_content_token.go:14.75,16.2 1 0
github.com/getto-systems/project-example-id/api_token/log/issue_content_token.go:18.105,20.2 1 1
github.com/getto-systems/project-example-id/api_token/log/issue_content_token.go:21.119,23.2 1 0
github.com/getto-systems/project-example-id/api_token/log/issue_content_token.go:24.100,26.2 1 1
github.com/getto-systems/project-example-id/api_token/log/issue_content_token.go:28.127,36.2 1 1
github.com/getto-systems/project-example-id/password/repository/password/memory.go:14.36,18.2 1 1
github.com/getto-systems/project-example-id/password/repository/password/memory.go:20.62,22.2 1 0
github.com/getto-systems/project-example-id/password/repository/password/memory.go:24.107,26.12 2 1
github.com/getto-systems/project-example-id/password/repository/password/memory.go:31.2,31.26 1 1
github.com/getto-systems/project-example-id/password/repository/password/memory.go:26.12,29.3 2 1
github.com/getto-systems/project-example-id/password/repository/password/memory.go:34.96,37.2 2 1
github.com/getto-systems/project-example-id/ticket/log/main.go:13.42,17.2 1 1
github.com/getto-systems/project-example-id/ticket/log/main.go:19.42,21.2 1 0
