mode: set
github.com/getto-systems/project-example-id/data/ticket/expiration.go:20.54,25.2 1 1
github.com/getto-systems/project-example-id/data/ticket/expiration.go:26.50,28.2 1 1
github.com/getto-systems/project-example-id/data/ticket/expiration.go:29.69,31.2 1 1
github.com/getto-systems/project-example-id/data/ticket/expiration.go:32.77,34.2 1 1
github.com/getto-systems/project-example-id/password_reset/send_token.go:14.186,21.2 1 1
github.com/getto-systems/project-example-id/password_reset/send_token.go:23.44,25.16 2 1
github.com/getto-systems/project-example-id/password_reset/send_token.go:29.2,32.16 3 1
github.com/getto-systems/project-example-id/password_reset/send_token.go:44.2,45.16 2 1
github.com/getto-systems/project-example-id/password_reset/send_token.go:50.2,51.12 2 1
github.com/getto-systems/project-example-id/password_reset/send_token.go:25.16,27.3 1 0
github.com/getto-systems/project-example-id/password_reset/send_token.go:32.16,36.23 3 0
github.com/getto-systems/project-example-id/password_reset/send_token.go:41.3,41.9 1 0
github.com/getto-systems/project-example-id/password_reset/send_token.go:36.23,39.4 1 0
github.com/getto-systems/project-example-id/password_reset/send_token.go:45.16,48.3 2 0
github.com/getto-systems/project-example-id/user/get_login.go:18.82,23.2 1 1
github.com/getto-systems/project-example-id/user/get_login.go:25.95,29.16 3 1
github.com/getto-systems/project-example-id/user/get_login.go:33.2,33.12 1 1
github.com/getto-systems/project-example-id/user/get_login.go:40.2,41.19 2 1
github.com/getto-systems/project-example-id/user/get_login.go:29.16,32.3 2 0
github.com/getto-systems/project-example-id/user/get_login.go:33.12,38.3 3 0
github.com/getto-systems/project-example-id/ticket/repository/ticket/memory.go:29.36,33.2 1 1
github.com/getto-systems/project-example-id/ticket/repository/ticket/memory.go:35.58,37.2 1 0
github.com/getto-systems/project-example-id/ticket/repository/ticket/memory.go:39.128,41.12 2 1
github.com/getto-systems/project-example-id/ticket/repository/ticket/memory.go:44.2,44.43 1 1
github.com/getto-systems/project-example-id/ticket/repository/ticket/memory.go:41.12,43.3 1 1
github.com/getto-systems/project-example-id/ticket/repository/ticket/memory.go:47.146,49.12 2 1
github.com/getto-systems/project-example-id/ticket/repository/ticket/memory.go:52.2,52.49 1 1
github.com/getto-systems/project-example-id/ticket/repository/ticket/memory.go:49.12,51.3 1 0
github.com/getto-systems/project-example-id/ticket/repository/ticket/memory.go:55.102,57.12 2 0
github.com/getto-systems/project-example-id/ticket/repository/ticket/memory.go:60.2,60.29 1 0
github.com/getto-systems/project-example-id/ticket/repository/ticket/memory.go:57.12,59.3 1 0
github.com/getto-systems/project-example-id/ticket/repository/ticket/memory.go:63.100,65.12 2 1
github.com/getto-systems/project-example-id/ticket/repository/ticket/memory.go:70.2,74.12 4 1
github.com/getto-systems/project-example-id/ticket/repository/ticket/memory.go:65.12,68.3 1 0
github.com/getto-systems/project-example-id/ticket/repository/ticket/memory.go:77.203,78.50 1 1
github.com/getto-systems/project-example-id/ticket/repository/ticket/memory.go:100.2,101.8 2 0
github.com/getto-systems/project-example-id/ticket/repository/ticket/memory.go:78.50,80.20 2 1
github.com/getto-systems/project-example-id/ticket/repository/ticket/memory.go:85.3,86.12 2 1
github.com/getto-systems/project-example-id/ticket/repository/ticket/memory.go:90.3,97.20 2 1
github.com/getto-systems/project-example-id/ticket/repository/ticket/memory.go:80.20,83.4 2 0
github.com/getto-systems/project-example-id/ticket/repository/ticket/memory.go:86.12,87.12 1 0
github.com/getto-systems/project-example-id/data/credential.go:17.144,24.2 1 1
github.com/getto-systems/project-example-id/data/credential.go:25.56,27.2 1 1
github.com/getto-systems/project-example-id/data/credential.go:28.60,30.2 1 1
github.com/getto-systems/project-example-id/data/credential.go:31.68,33.2 1 1
github.com/getto-systems/project-example-id/data/credential.go:34.53,36.2 1 1
github.com/getto-systems/project-example-id/password/log/validate.go:13.54,15.2 1 0
github.com/getto-systems/project-example-id/password/log/validate.go:17.74,19.2 1 1
github.com/getto-systems/project-example-id/password/log/validate.go:20.114,22.2 1 1
github.com/getto-systems/project-example-id/password/log/validate.go:23.111,25.2 1 1
github.com/getto-systems/project-example-id/password/log/validate.go:26.114,28.2 1 1
github.com/getto-systems/project-example-id/password/log/validate.go:29.88,31.2 1 0
github.com/getto-systems/project-example-id/password/log/validate.go:32.75,34.2 1 1
github.com/getto-systems/project-example-id/password/log/validate.go:36.96,43.2 1 1
github.com/getto-systems/project-example-id/password_reset/log/send_token.go:12.62,14.2 1 0
github.com/getto-systems/project-example-id/password_reset/log/send_token.go:16.124,18.2 1 1
github.com/getto-systems/project-example-id/password_reset/log/send_token.go:19.138,21.2 1 0
github.com/getto-systems/project-example-id/password_reset/log/send_token.go:22.119,24.2 1 1
github.com/getto-systems/project-example-id/password_reset/log/send_token.go:26.146,36.2 1 1
github.com/getto-systems/project-example-id/user/log/main.go:13.42,17.2 1 1
github.com/getto-systems/project-example-id/user/log/main.go:19.41,21.2 1 0
github.com/getto-systems/project-example-id/client/client.go:23.67,28.2 1 1
github.com/getto-systems/project-example-id/client/client.go:30.78,31.16 1 1
github.com/getto-systems/project-example-id/client/client.go:31.16,33.3 1 1
github.com/getto-systems/project-example-id/client/client.go:33.8,35.3 1 1
github.com/getto-systems/project-example-id/client/client.go:37.55,38.44 1 1
github.com/getto-systems/project-example-id/client/client.go:38.44,40.3 1 1
github.com/getto-systems/project-example-id/client/client.go:42.40,44.2 1 1
github.com/getto-systems/project-example-id/client/client.go:45.60,47.2 1 1
github.com/getto-systems/project-example-id/client/issue_credential.go:12.129,14.16 2 1
github.com/getto-systems/project-example-id/client/issue_credential.go:18.2,19.16 2 1
github.com/getto-systems/project-example-id/client/issue_credential.go:23.2,23.76 1 1
github.com/getto-systems/project-example-id/client/issue_credential.go:14.16,16.3 1 0
github.com/getto-systems/project-example-id/client/issue_credential.go:19.16,21.3 1 0
github.com/getto-systems/project-example-id/client/issue_credential.go:26.161,28.16 2 1
github.com/getto-systems/project-example-id/client/issue_credential.go:32.2,32.73 1 1
github.com/getto-systems/project-example-id/client/issue_credential.go:28.16,30.3 1 0
github.com/getto-systems/project-example-id/client/issue_credential.go:35.155,37.16 2 1
github.com/getto-systems/project-example-id/client/issue_credential.go:41.2,42.16 2 1
github.com/getto-systems/project-example-id/client/issue_credential.go:46.2,46.36 1 1
github.com/getto-systems/project-example-id/client/issue_credential.go:37.16,39.3 1 0
github.com/getto-systems/project-example-id/client/issue_credential.go:42.16,44.3 1 0
github.com/getto-systems/project-example-id/data/request/main.go:20.78,27.2 1 1
github.com/getto-systems/project-example-id/data/request/main.go:29.55,31.2 1 1
github.com/getto-systems/project-example-id/data/request/main.go:33.38,35.2 1 0
github.com/getto-systems/project-example-id/data/request/main.go:37.44,39.2 1 0
github.com/getto-systems/project-example-id/password_reset/sender/main.go:17.57,21.2 1 1
github.com/getto-systems/project-example-id/password_reset/sender/main.go:23.68,25.2 1 0
github.com/getto-systems/project-example-id/password_reset/sender/main.go:27.110,28.19 1 1
github.com/getto-systems/project-example-id/password_reset/sender/main.go:33.2,33.42 1 0
github.com/getto-systems/project-example-id/password_reset/sender/main.go:29.13,30.73 1 1
github.com/getto-systems/project-example-id/client/backend.go:64.11,72.2 1 1
github.com/getto-systems/project-example-id/client/backend.go:81.16,88.2 1 1
github.com/getto-systems/project-example-id/client/backend.go:97.18,102.2 1 1
github.com/getto-systems/project-example-id/client/backend.go:108.14,113.2 1 1
github.com/getto-systems/project-example-id/client/backend.go:122.18,127.2 1 1
github.com/getto-systems/project-example-id/client/backend.go:142.23,151.2 1 1
github.com/getto-systems/project-example-id/client/password_reset.go:29.52,31.2 1 1
github.com/getto-systems/project-example-id/client/password_reset.go:33.73,37.2 3 1
github.com/getto-systems/project-example-id/client/password_reset.go:38.111,40.16 2 1
github.com/getto-systems/project-example-id/client/password_reset.go:44.2,45.16 2 1
github.com/getto-systems/project-example-id/client/password_reset.go:49.2,50.16 2 1
github.com/getto-systems/project-example-id/client/password_reset.go:55.2,56.16 2 1
github.com/getto-systems/project-example-id/client/password_reset.go:60.2,60.21 1 1
github.com/getto-systems/project-example-id/client/password_reset.go:40.16,42.3 1 0
github.com/getto-systems/project-example-id/client/password_reset.go:45.16,47.3 1 1
github.com/getto-systems/project-example-id/client/password_reset.go:50.16,52.3 1 1
github.com/getto-systems/project-example-id/client/password_reset.go:56.16,58.3 1 0
github.com/getto-systems/project-example-id/client/password_reset.go:63.69,67.2 3 1
github.com/getto-systems/project-example-id/client/password_reset.go:68.75,70.2 1 1
github.com/getto-systems/project-example-id/client/password_reset.go:72.69,76.2 3 1
github.com/getto-systems/project-example-id/client/password_reset.go:77.136,79.16 2 1
github.com/getto-systems/project-example-id/client/password_reset.go:83.2,83.68 1 1
github.com/getto-systems/project-example-id/client/password_reset.go:79.16,81.3 1 0
github.com/getto-systems/project-example-id/client/password_reset.go:86.65,90.2 3 1
github.com/getto-systems/project-example-id/client/password_reset.go:91.96,93.16 2 1
github.com/getto-systems/project-example-id/client/password_reset.go:97.2,98.16 2 1
github.com/getto-systems/project-example-id/client/password_reset.go:102.2,103.16 2 1
github.com/getto-systems/project-example-id/client/password_reset.go:107.2,108.16 2 1
github.com/getto-systems/project-example-id/client/password_reset.go:112.2,112.51 1 1
github.com/getto-systems/project-example-id/client/password_reset.go:93.16,95.3 1 0
github.com/getto-systems/project-example-id/client/password_reset.go:98.16,100.3 1 1
github.com/getto-systems/project-example-id/client/password_reset.go:103.16,105.3 1 1
github.com/getto-systems/project-example-id/client/password_reset.go:108.16,110.3 1 0
github.com/getto-systems/project-example-id/data/user/main.go:15.34,19.2 1 1
github.com/getto-systems/project-example-id/data/user/main.go:21.30,23.2 1 1
github.com/getto-systems/project-example-id/data/user/main.go:25.38,29.2 1 1
github.com/getto-systems/project-example-id/data/user/main.go:31.33,33.2 1 1
github.com/getto-systems/project-example-id/api_token/issue_content_token.go:15.124,20.2 1 1
github.com/getto-systems/project-example-id/api_token/issue_content_token.go:22.140,26.16 3 1
github.com/getto-systems/project-example-id/api_token/issue_content_token.go:31.2,32.19 2 1
github.com/getto-systems/project-example-id/api_token/issue_content_token.go:26.16,29.3 2 0
github.com/getto-systems/project-example-id/data/password_reset/expiration.go:13.51,17.2 1 1
github.com/getto-systems/project-example-id/data/password_reset/expiration.go:18.74,20.2 1 1
github.com/getto-systems/project-example-id/password_reset/close_session.go:20.120,25.2 1 1
github.com/getto-systems/project-example-id/password_reset/close_session.go:27.103,31.16 3 1
github.com/getto-systems/project-example-id/password_reset/close_session.go:36.2,37.12 2 1
github.com/getto-systems/project-example-id/password_reset/close_session.go:31.16,34.3 2 0
github.com/getto-systems/project-example-id/ticket/log/deactivate.go:14.56,16.2 1 0
github.com/getto-systems/project-example-id/ticket/log/deactivate.go:18.105,20.2 1 1
github.com/getto-systems/project-example-id/ticket/log/deactivate.go:21.119,23.2 1 0
github.com/getto-systems/project-example-id/ticket/log/deactivate.go:24.100,26.2 1 1
github.com/getto-systems/project-example-id/ticket/log/deactivate.go:28.127,36.2 1 1
github.com/getto-systems/project-example-id/ticket/log/issue.go:15.46,17.2 1 0
github.com/getto-systems/project-example-id/ticket/log/issue.go:19.117,21.2 1 1
github.com/getto-systems/project-example-id/ticket/log/issue.go:22.131,24.2 1 0
github.com/getto-systems/project-example-id/ticket/log/issue.go:25.141,27.2 1 1
github.com/getto-systems/project-example-id/ticket/log/issue.go:29.169,39.2 1 1
github.com/getto-systems/project-example-id/user/repository/user/memory.go:14.36,19.2 1 1
github.com/getto-systems/project-example-id/user/repository/user/memory.go:21.54,23.2 1 0
github.com/getto-systems/project-example-id/user/repository/user/memory.go:25.87,28.2 2 1
github.com/getto-systems/project-example-id/user/repository/user/memory.go:30.87,33.2 2 1
github.com/getto-systems/project-example-id/user/repository/user/memory.go:35.80,39.2 3 1
github.com/getto-systems/project-example-id/api_token/log/issue_api_token.go:14.67,16.2 1 0
github.com/getto-systems/project-example-id/api_token/log/issue_api_token.go:18.101,20.2 1 1
github.com/getto-systems/project-example-id/api_token/log/issue_api_token.go:21.115,23.2 1 0
github.com/getto-systems/project-example-id/api_token/log/issue_api_token.go:24.122,26.2 1 1
github.com/getto-systems/project-example-id/api_token/log/issue_api_token.go:28.150,37.2 1 1
github.com/getto-systems/project-example-id/api_token/repository/api_user/memory.go:14.62,16.2 1 0
github.com/getto-systems/project-example-id/api_token/repository/api_user/memory.go:18.36,22.2 1 1
github.com/getto-systems/project-example-id/api_token/repository/api_user/memory.go:24.102,26.12 2 1
github.com/getto-systems/project-example-id/api_token/repository/api_user/memory.go:29.2,29.25 1 1
github.com/getto-systems/project-example-id/api_token/repository/api_user/memory.go:26.12,28.3 1 1
github.com/getto-systems/project-example-id/api_token/repository/api_user/memory.go:32.98,35.2 2 1
github.com/getto-systems/project-example-id/password_reset/job_queue/send_token/memory.go:23.36,25.2 1 1
github.com/getto-systems/project-example-id/password_reset/job_queue/send_token/memory.go:27.68,29.2 1 0
github.com/getto-systems/project-example-id/password_reset/job_queue/send_token/memory.go:31.174,39.2 2 1
github.com/getto-systems/project-example-id/password_reset/job_queue/send_token/memory.go:41.158,42.26 1 1
github.com/getto-systems/project-example-id/password_reset/job_queue/send_token/memory.go:47.2,50.66 3 1
github.com/getto-systems/project-example-id/password_reset/job_queue/send_token/memory.go:42.26,45.3 2 0
github.com/getto-systems/project-example-id/password_reset/repository/destination/memory.go:14.36,18.2 1 1
github.com/getto-systems/project-example-id/password_reset/repository/destination/memory.go:20.69,22.2 1 0
github.com/getto-systems/project-example-id/password_reset/repository/destination/memory.go:24.113,26.12 2 1
github.com/getto-systems/project-example-id/password_reset/repository/destination/memory.go:30.2,30.25 1 1
github.com/getto-systems/project-example-id/password_reset/repository/destination/memory.go:26.12,28.3 1 1
github.com/getto-systems/project-example-id/password_reset/repository/destination/memory.go:33.108,36.2 2 1
github.com/getto-systems/project-example-id/password_reset/push_send_token_job.go:14.176,20.2 1 1
github.com/getto-systems/project-example-id/password_reset/push_send_token_job.go:22.167,26.16 3 1
github.com/getto-systems/project-example-id/password_reset/push_send_token_job.go:31.2,32.16 2 1
github.com/getto-systems/project-example-id/password_reset/push_send_token_job.go:45.2,46.12 2 1
github.com/getto-systems/project-example-id/password_reset/push_send_token_job.go:26.16,29.3 2 0
github.com/getto-systems/project-example-id/password_reset/push_send_token_job.go:32.16,36.23 3 0
github.com/getto-systems/project-example-id/password_reset/push_send_token_job.go:41.3,41.9 1 0
github.com/getto-systems/project-example-id/password_reset/push_send_token_job.go:36.23,39.4 1 0
github.com/getto-systems/project-example-id/user/log/get_login.go:12.50,14.2 1 0
github.com/getto-systems/project-example-id/user/log/get_login.go:16.74,18.2 1 1
github.com/getto-systems/project-example-id/user/log/get_login.go:19.88,21.2 1 0
github.com/getto-systems/project-example-id/user/log/get_login.go:22.87,24.2 1 1
github.com/getto-systems/project-example-id/user/log/get_login.go:26.115,34.2 1 1
github.com/getto-systems/project-example-id/data/password_reset/main.go:52.39,56.2 1 1
github.com/getto-systems/project-example-id/data/password_reset/main.go:57.39,59.2 1 1
github.com/getto-systems/project-example-id/data/password_reset/main.go:61.119,68.2 1 1
github.com/getto-systems/project-example-id/data/password_reset/main.go:69.42,71.2 1 1
github.com/getto-systems/project-example-id/data/password_reset/main.go:72.44,74.2 1 1
github.com/getto-systems/project-example-id/data/password_reset/main.go:75.56,77.2 1 1
github.com/getto-systems/project-example-id/data/password_reset/main.go:78.48,80.2 1 1
github.com/getto-systems/project-example-id/data/password_reset/main.go:82.38,86.2 1 1
github.com/getto-systems/project-example-id/data/password_reset/main.go:88.47,93.2 2 1
github.com/getto-systems/project-example-id/data/password_reset/main.go:94.47,99.2 2 1
github.com/getto-systems/project-example-id/data/password_reset/main.go:100.45,105.2 2 1
github.com/getto-systems/project-example-id/data/password_reset/main.go:106.58,111.2 2 1
github.com/getto-systems/project-example-id/data/password_reset/main.go:113.54,115.2 1 1
github.com/getto-systems/project-example-id/data/password_reset/main.go:116.54,118.2 1 1
github.com/getto-systems/project-example-id/data/password_reset/main.go:119.53,121.2 1 1
github.com/getto-systems/project-example-id/data/password_reset/main.go:122.64,124.2 1 1
github.com/getto-systems/project-example-id/data/password_reset/main.go:126.37,128.2 1 1
github.com/getto-systems/project-example-id/data/password_reset/main.go:129.51,130.27 1 0
github.com/getto-systems/project-example-id/data/password_reset/main.go:133.2,133.29 1 0
github.com/getto-systems/project-example-id/data/password_reset/main.go:130.27,132.3 1 0
github.com/getto-systems/project-example-id/data/password_reset/main.go:135.37,137.2 1 1
github.com/getto-systems/project-example-id/data/password_reset/main.go:138.51,139.27 1 1
github.com/getto-systems/project-example-id/data/password_reset/main.go:142.2,142.29 1 1
github.com/getto-systems/project-example-id/data/password_reset/main.go:139.27,141.3 1 0
github.com/getto-systems/project-example-id/data/password_reset/main.go:144.38,146.2 1 1
github.com/getto-systems/project-example-id/data/password_reset/main.go:147.49,148.28 1 1
github.com/getto-systems/project-example-id/data/password_reset/main.go:151.2,151.27 1 1
github.com/getto-systems/project-example-id/data/password_reset/main.go:148.28,150.3 1 0
github.com/getto-systems/project-example-id/data/password_reset/main.go:153.36,155.2 1 1
github.com/getto-systems/project-example-id/data/password_reset/main.go:156.66,157.26 1 1
github.com/getto-systems/project-example-id/data/password_reset/main.go:160.2,160.47 1 1
github.com/getto-systems/project-example-id/data/password_reset/main.go:157.26,159.3 1 0
github.com/getto-systems/project-example-id/api_token/log/main.go:13.42,17.2 1 1
github.com/getto-systems/project-example-id/api_token/log/main.go:19.45,21.2 1 0
github.com/getto-systems/project-example-id/password/log/change.go:13.52,15.2 1 0
github.com/getto-systems/project-example-id/password/log/change.go:17.72,19.2 1 1
github.com/getto-systems/project-example-id/password/log/change.go:20.86,22.2 1 0
github.com/getto-systems/project-example-id/password/log/change.go:23.112,25.2 1 1
github.com/getto-systems/project-example-id/password/log/change.go:26.67,28.2 1 1
github.com/getto-systems/project-example-id/password/log/change.go:30.96,37.2 1 1
github.com/getto-systems/project-example-id/password_reset/log/validate.go:13.60,15.2 1 0
github.com/getto-systems/project-example-id/password_reset/log/validate.go:17.81,19.2 1 1
github.com/getto-systems/project-example-id/password_reset/log/validate.go:20.95,22.2 1 0
github.com/getto-systems/project-example-id/password_reset/log/validate.go:23.117,25.2 1 1
github.com/getto-systems/project-example-id/password_reset/log/validate.go:26.115,28.2 1 1
github.com/getto-systems/project-example-id/password_reset/log/validate.go:29.116,31.2 1 1
github.com/getto-systems/project-example-id/password_reset/log/validate.go:32.118,34.2 1 1
github.com/getto-systems/project-example-id/password_reset/log/validate.go:35.90,37.2 1 1
github.com/getto-systems/project-example-id/password_reset/log/validate.go:39.115,47.2 1 1
github.com/getto-systems/project-example-id/password_reset/validate.go:24.131,30.2 1 1
github.com/getto-systems/project-example-id/password_reset/validate.go:32.176,36.16 3 1
github.com/getto-systems/project-example-id/password_reset/validate.go:40.2,40.12 1 1
github.com/getto-systems/project-example-id/password_reset/validate.go:56.2,56.37 1 1
github.com/getto-systems/project-example-id/password_reset/validate.go:61.2,61.51 1 1
github.com/getto-systems/project-example-id/password_reset/validate.go:67.2,68.46 2 1
github.com/getto-systems/project-example-id/password_reset/validate.go:36.16,39.3 2 0
github.com/getto-systems/project-example-id/password_reset/validate.go:40.12,42.17 2 1
github.com/getto-systems/project-example-id/password_reset/validate.go:46.3,46.12 1 1
github.com/getto-systems/project-example-id/password_reset/validate.go:52.3,54.9 3 1
github.com/getto-systems/project-example-id/password_reset/validate.go:42.17,45.4 2 0
github.com/getto-systems/project-example-id/password_reset/validate.go:46.12,50.4 3 1
github.com/getto-systems/project-example-id/password_reset/validate.go:56.37,60.3 3 1
github.com/getto-systems/project-example-id/password_reset/validate.go:61.51,65.3 3 1
github.com/getto-systems/project-example-id/password_reset/repository/session/memory.go:30.36,36.2 1 1
github.com/getto-systems/project-example-id/password_reset/repository/session/memory.go:38.65,40.2 1 0
github.com/getto-systems/project-example-id/password_reset/repository/session/memory.go:42.207,44.12 2 1
github.com/getto-systems/project-example-id/password_reset/repository/session/memory.go:48.2,48.54 1 1
github.com/getto-systems/project-example-id/password_reset/repository/session/memory.go:44.12,46.3 1 1
github.com/getto-systems/project-example-id/password_reset/repository/session/memory.go:51.147,53.12 2 1
github.com/getto-systems/project-example-id/password_reset/repository/session/memory.go:57.2,58.12 2 1
github.com/getto-systems/project-example-id/password_reset/repository/session/memory.go:62.2,62.38 1 1
github.com/getto-systems/project-example-id/password_reset/repository/session/memory.go:53.12,55.3 1 1
github.com/getto-systems/project-example-id/password_reset/repository/session/memory.go:58.12,60.3 1 0
github.com/getto-systems/project-example-id/password_reset/repository/session/memory.go:65.104,67.12 2 1
github.com/getto-systems/project-example-id/password_reset/repository/session/memory.go:71.2,71.18 1 1
github.com/getto-systems/project-example-id/password_reset/repository/session/memory.go:67.12,69.3 1 1
github.com/getto-systems/project-example-id/password_reset/repository/session/memory.go:74.206,75.50 1 1
github.com/getto-systems/project-example-id/password_reset/repository/session/memory.go:106.2,107.8 2 0
github.com/getto-systems/project-example-id/password_reset/repository/session/memory.go:75.50,77.20 2 1
github.com/getto-systems/project-example-id/password_reset/repository/session/memory.go:82.3,85.12 3 1
github.com/getto-systems/project-example-id/password_reset/repository/session/memory.go:89.3,90.12 2 1
github.com/getto-systems/project-example-id/password_reset/repository/session/memory.go:94.3,103.29 3 1
github.com/getto-systems/project-example-id/password_reset/repository/session/memory.go:77.20,80.4 2 0
github.com/getto-systems/project-example-id/password_reset/repository/session/memory.go:85.12,86.12 1 0
github.com/getto-systems/project-example-id/password_reset/repository/session/memory.go:90.12,91.12 1 0
github.com/getto-systems/project-example-id/password_reset/repository/session/memory.go:110.84,112.12 2 1
github.com/getto-systems/project-example-id/password_reset/repository/session/memory.go:117.2,122.12 4 1
github.com/getto-systems/project-example-id/password_reset/repository/session/memory.go:112.12,115.3 2 0
github.com/getto-systems/project-example-id/password_reset/repository/session/memory.go:125.123,127.12 2 1
github.com/getto-systems/project-example-id/password_reset/repository/session/memory.go:132.2,135.12 3 1
github.com/getto-systems/project-example-id/password_reset/repository/session/memory.go:127.12,130.3 2 0
github.com/getto-systems/project-example-id/password_reset/repository/session/memory.go:137.135,139.12 2 1
github.com/getto-systems/project-example-id/password_reset/repository/session/memory.go:143.2,146.12 3 1
github.com/getto-systems/project-example-id/password_reset/repository/session/memory.go:139.12,141.3 1 0
github.com/getto-systems/project-example-id/password_reset/repository/session/memory.go:148.124,150.12 2 1
github.com/getto-systems/project-example-id/password_reset/repository/session/memory.go:154.2,157.12 3 1
github.com/getto-systems/project-example-id/password_reset/repository/session/memory.go:150.12,152.3 1 0
github.com/getto-systems/project-example-id/ticket/log/validate.go:14.52,16.2 1 0
github.com/getto-systems/project-example-id/ticket/log/validate.go:18.87,20.2 1 1
github.com/getto-systems/project-example-id/ticket/log/validate.go:21.101,23.2 1 0
github.com/getto-systems/project-example-id/ticket/log/validate.go:24.122,26.2 1 1
github.com/getto-systems/project-example-id/ticket/log/validate.go:27.119,29.2 1 1
github.com/getto-systems/project-example-id/ticket/log/validate.go:30.115,32.2 1 1
github.com/getto-systems/project-example-id/ticket/log/validate.go:33.102,35.2 1 1
github.com/getto-systems/project-example-id/ticket/log/validate.go:37.126,45.2 1 1
github.com/getto-systems/project-example-id/data/api_token/main.go:28.69,33.2 1 1
github.com/getto-systems/project-example-id/data/api_token/main.go:34.50,36.2 1 1
github.com/getto-systems/project-example-id/data/api_token/main.go:37.42,39.2 1 1
github.com/getto-systems/project-example-id/data/api_token/main.go:41.31,43.2 1 1
github.com/getto-systems/project-example-id/data/api_token/main.go:45.67,50.2 1 1
github.com/getto-systems/project-example-id/data/api_token/main.go:51.43,53.2 1 1
github.com/getto-systems/project-example-id/data/api_token/main.go:54.48,56.2 1 0
github.com/getto-systems/project-example-id/data/api_token/main.go:58.105,64.2 1 1
github.com/getto-systems/project-example-id/data/api_token/main.go:65.48,67.2 1 0
github.com/getto-systems/project-example-id/data/api_token/main.go:68.50,70.2 1 0
github.com/getto-systems/project-example-id/data/api_token/main.go:71.56,73.2 1 0
github.com/getto-systems/project-example-id/password_reset/create_session.go:22.242,30.2 1 1
github.com/getto-systems/project-example-id/password_reset/create_session.go:32.187,39.16 5 1
github.com/getto-systems/project-example-id/password_reset/create_session.go:43.2,43.12 1 1
github.com/getto-systems/project-example-id/password_reset/create_session.go:49.2,54.16 2 1
github.com/getto-systems/project-example-id/password_reset/create_session.go:59.2,60.34 2 1
github.com/getto-systems/project-example-id/password_reset/create_session.go:39.16,42.3 2 0
github.com/getto-systems/project-example-id/password_reset/create_session.go:43.12,47.3 3 1
github.com/getto-systems/project-example-id/password_reset/create_session.go:54.16,57.3 2 0
github.com/getto-systems/project-example-id/password_reset/log/get_status.go:12.62,14.2 1 0
github.com/getto-systems/project-example-id/password_reset/log/get_status.go:16.91,18.2 1 1
github.com/getto-systems/project-example-id/password_reset/log/get_status.go:19.105,21.2 1 0
github.com/getto-systems/project-example-id/password_reset/log/get_status.go:22.127,24.2 1 1
github.com/getto-systems/project-example-id/password_reset/log/get_status.go:25.128,27.2 1 1
github.com/getto-systems/project-example-id/password_reset/log/get_status.go:28.116,30.2 1 1
github.com/getto-systems/project-example-id/password_reset/log/get_status.go:32.144,42.2 1 1
github.com/getto-systems/project-example-id/client/password_login.go:20.52,22.2 1 1
github.com/getto-systems/project-example-id/client/password_login.go:24.65,28.2 3 1
github.com/getto-systems/project-example-id/client/password_login.go:29.96,31.16 2 1
github.com/getto-systems/project-example-id/client/password_login.go:35.2,36.16 2 1
github.com/getto-systems/project-example-id/client/password_login.go:40.2,41.16 2 1
github.com/getto-systems/project-example-id/client/password_login.go:45.2,45.51 1 1
github.com/getto-systems/project-example-id/client/password_login.go:31.16,33.3 1 0
github.com/getto-systems/project-example-id/client/password_login.go:36.16,38.3 1 0
github.com/getto-systems/project-example-id/client/password_login.go:41.16,43.3 1 1
github.com/getto-systems/project-example-id/data/time/main.go:16.24,18.2 1 0
github.com/getto-systems/project-example-id/data/time/main.go:20.35,22.2 1 1
github.com/getto-systems/project-example-id/data/time/main.go:23.31,25.2 1 0
github.com/getto-systems/project-example-id/data/time/main.go:26.29,28.2 1 0
github.com/getto-systems/project-example-id/data/time/main.go:30.63,32.2 1 1
github.com/getto-systems/project-example-id/data/time/main.go:33.71,35.2 1 1
github.com/getto-systems/project-example-id/data/time/main.go:36.67,39.2 2 1
github.com/getto-systems/project-example-id/data/time/main.go:41.44,43.2 1 1
github.com/getto-systems/project-example-id/data/time/main.go:44.36,46.2 1 1
github.com/getto-systems/project-example-id/data/time/main.go:48.62,50.2 1 1
github.com/getto-systems/project-example-id/data/time/main.go:52.57,53.49 1 1
github.com/getto-systems/project-example-id/data/time/main.go:56.2,56.16 1 1
github.com/getto-systems/project-example-id/data/time/main.go:53.49,55.3 1 1
github.com/getto-systems/project-example-id/data/time/main.go:59.33,61.2 1 1
github.com/getto-systems/project-example-id/data/time/main.go:62.41,64.2 1 1
github.com/getto-systems/project-example-id/ticket/deactivate.go:15.96,20.2 1 1
github.com/getto-systems/project-example-id/ticket/deactivate.go:22.115,27.16 3 1
github.com/getto-systems/project-example-id/ticket/deactivate.go:32.2,33.12 2 1
github.com/getto-systems/project-example-id/ticket/deactivate.go:27.16,30.3 2 0
github.com/getto-systems/project-example-id/password/change.go:15.124,21.2 1 1
github.com/getto-systems/project-example-id/password/change.go:23.108,27.16 3 1
github.com/getto-systems/project-example-id/password/change.go:32.2,33.16 2 1
github.com/getto-systems/project-example-id/password/change.go:38.2,39.16 2 1
github.com/getto-systems/project-example-id/password/change.go:44.2,45.12 2 1
github.com/getto-systems/project-example-id/password/change.go:27.16,30.3 2 1
github.com/getto-systems/project-example-id/password/change.go:33.16,36.3 2 0
github.com/getto-systems/project-example-id/password/change.go:39.16,42.3 2 0
github.com/getto-systems/project-example-id/password/validate.go:23.155,30.2 1 1
github.com/getto-systems/project-example-id/password/validate.go:32.133,36.16 3 1
github.com/getto-systems/project-example-id/password/validate.go:41.2,42.16 2 1
github.com/getto-systems/project-example-id/password/validate.go:46.2,46.12 1 1
github.com/getto-systems/project-example-id/password/validate.go:52.2,53.16 2 1
github.com/getto-systems/project-example-id/password/validate.go:57.2,57.14 1 1
github.com/getto-systems/project-example-id/password/validate.go:63.2,64.24 2 1
github.com/getto-systems/project-example-id/password/validate.go:36.16,39.3 2 1
github.com/getto-systems/project-example-id/password/validate.go:42.16,45.3 2 0
github.com/getto-systems/project-example-id/password/validate.go:46.12,50.3 3 1
github.com/getto-systems/project-example-id/password/validate.go:53.16,56.3 2 0
github.com/getto-systems/project-example-id/password/validate.go:57.14,61.3 3 1
github.com/getto-systems/project-example-id/password_reset/log/close_session.go:12.68,14.2 1 0
github.com/getto-systems/project-example-id/password_reset/log/close_session.go:16.94,18.2 1 1
github.com/getto-systems/project-example-id/password_reset/log/close_session.go:19.108,21.2 1 0
github.com/getto-systems/project-example-id/password_reset/log/close_session.go:22.89,24.2 1 1
github.com/getto-systems/project-example-id/password_reset/log/close_session.go:26.116,35.2 1 1
github.com/getto-systems/project-example-id/ticket/log/main.go:13.42,17.2 1 1
github.com/getto-systems/project-example-id/ticket/log/main.go:19.42,21.2 1 0
github.com/getto-systems/project-example-id/client/logout.go:17.38,19.2 1 1
github.com/getto-systems/project-example-id/client/logout.go:21.52,25.2 3 1
github.com/getto-systems/project-example-id/client/logout.go:26.64,28.16 2 1
github.com/getto-systems/project-example-id/client/logout.go:32.2,33.16 2 1
github.com/getto-systems/project-example-id/client/logout.go:37.2,38.16 2 1
github.com/getto-systems/project-example-id/client/logout.go:42.2,43.16 2 1
github.com/getto-systems/project-example-id/client/logout.go:47.2,47.12 1 1
github.com/getto-systems/project-example-id/client/logout.go:28.16,30.3 1 0
github.com/getto-systems/project-example-id/client/logout.go:33.16,35.3 1 0
github.com/getto-systems/project-example-id/client/logout.go:38.16,40.3 1 1
github.com/getto-systems/project-example-id/client/logout.go:43.16,45.3 1 0
github.com/getto-systems/project-example-id/client/renew.go:18.36,22.2 1 1
github.com/getto-systems/project-example-id/client/renew.go:24.49,28.2 3 1
github.com/getto-systems/project-example-id/client/renew.go:29.80,31.16 2 1
github.com/getto-systems/project-example-id/client/renew.go:35.2,36.16 2 1
github.com/getto-systems/project-example-id/client/renew.go:40.2,41.16 2 1
github.com/getto-systems/project-example-id/client/renew.go:45.2,46.16 2 1
github.com/getto-systems/project-example-id/client/renew.go:50.2,50.74 1 1
github.com/getto-systems/project-example-id/client/renew.go:31.16,33.3 1 0
github.com/getto-systems/project-example-id/client/renew.go:36.16,38.3 1 0
github.com/getto-systems/project-example-id/client/renew.go:41.16,43.3 1 1
github.com/getto-systems/project-example-id/client/renew.go:46.16,48.3 1 0
github.com/getto-systems/project-example-id/data/error.go:19.52,24.2 1 1
github.com/getto-systems/project-example-id/data/error.go:26.33,28.2 1 1
github.com/getto-systems/project-example-id/data/error.go:30.40,32.9 2 1
github.com/getto-systems/project-example-id/data/error.go:35.2,35.31 1 1
github.com/getto-systems/project-example-id/data/error.go:32.9,34.3 1 0
github.com/getto-systems/project-example-id/ticket/validate.go:24.121,30.2 1 1
github.com/getto-systems/project-example-id/ticket/validate.go:32.108,36.16 3 1
github.com/getto-systems/project-example-id/ticket/validate.go:41.2,41.29 1 1
github.com/getto-systems/project-example-id/ticket/validate.go:47.2,48.16 2 1
github.com/getto-systems/project-example-id/ticket/validate.go:52.2,52.12 1 1
github.com/getto-systems/project-example-id/ticket/validate.go:57.2,57.38 1 1
github.com/getto-systems/project-example-id/ticket/validate.go:63.2,63.44 1 1
github.com/getto-systems/project-example-id/ticket/validate.go:69.2,70.22 2 1
github.com/getto-systems/project-example-id/ticket/validate.go:36.16,39.3 2 0
github.com/getto-systems/project-example-id/ticket/validate.go:41.29,45.3 3 1
github.com/getto-systems/project-example-id/ticket/validate.go:48.16,51.3 2 0
github.com/getto-systems/project-example-id/ticket/validate.go:52.12,56.3 3 1
github.com/getto-systems/project-example-id/ticket/validate.go:57.38,61.3 3 1
github.com/getto-systems/project-example-id/ticket/validate.go:63.44,67.3 3 1
github.com/getto-systems/project-example-id/ticket/log/extend.go:15.48,17.2 1 0
github.com/getto-systems/project-example-id/ticket/log/extend.go:19.101,21.2 1 1
github.com/getto-systems/project-example-id/ticket/log/extend.go:22.115,24.2 1 0
github.com/getto-systems/project-example-id/ticket/log/extend.go:25.142,27.2 1 1
github.com/getto-systems/project-example-id/ticket/log/extend.go:29.171,39.2 1 1
github.com/getto-systems/project-example-id/password_reset/get_status.go:20.111,25.2 1 1
github.com/getto-systems/project-example-id/password_reset/get_status.go:27.171,31.16 3 1
github.com/getto-systems/project-example-id/password_reset/get_status.go:35.2,35.12 1 1
github.com/getto-systems/project-example-id/password_reset/get_status.go:40.2,40.37 1 1
github.com/getto-systems/project-example-id/password_reset/get_status.go:46.2,47.26 2 1
github.com/getto-systems/project-example-id/password_reset/get_status.go:31.16,34.3 2 0
github.com/getto-systems/project-example-id/password_reset/get_status.go:35.12,39.3 3 1
github.com/getto-systems/project-example-id/password_reset/get_status.go:40.37,44.3 3 1
github.com/getto-systems/project-example-id/ticket/issue.go:18.148,25.2 1 1
github.com/getto-systems/project-example-id/ticket/issue.go:27.139,34.16 5 1
github.com/getto-systems/project-example-id/ticket/issue.go:39.2,40.16 2 1
github.com/getto-systems/project-example-id/ticket/issue.go:45.2,48.29 3 1
github.com/getto-systems/project-example-id/ticket/issue.go:34.16,37.3 2 0
github.com/getto-systems/project-example-id/ticket/issue.go:40.16,43.3 2 0
github.com/getto-systems/project-example-id/user/get_user.go:18.79,23.2 1 1
github.com/getto-systems/project-example-id/user/get_user.go:25.95,29.16 3 1
github.com/getto-systems/project-example-id/user/get_user.go:33.2,33.12 1 1
github.com/getto-systems/project-example-id/user/get_user.go:39.2,40.18 2 1
github.com/getto-systems/project-example-id/user/get_user.go:29.16,32.3 2 0
github.com/getto-systems/project-example-id/user/get_user.go:33.12,37.3 3 1
github.com/getto-systems/project-example-id/password/log/main.go:13.42,17.2 1 1
github.com/getto-systems/project-example-id/password/log/main.go:19.45,21.2 1 0
github.com/getto-systems/project-example-id/password/repository/password/memory.go:14.36,18.2 1 1
github.com/getto-systems/project-example-id/password/repository/password/memory.go:20.62,22.2 1 0
github.com/getto-systems/project-example-id/password/repository/password/memory.go:24.107,26.12 2 1
github.com/getto-systems/project-example-id/password/repository/password/memory.go:31.2,31.26 1 1
github.com/getto-systems/project-example-id/password/repository/password/memory.go:26.12,29.3 2 1
github.com/getto-systems/project-example-id/password/repository/password/memory.go:34.96,37.2 2 1
github.com/getto-systems/project-example-id/user/log/get_user.go:12.48,14.2 1 0
github.com/getto-systems/project-example-id/user/log/get_user.go:16.75,18.2 1 1
github.com/getto-systems/project-example-id/user/log/get_user.go:19.89,21.2 1 0
github.com/getto-systems/project-example-id/user/log/get_user.go:22.108,24.2 1 1
github.com/getto-systems/project-example-id/user/log/get_user.go:25.86,27.2 1 1
github.com/getto-systems/project-example-id/user/log/get_user.go:29.114,37.2 1 1
github.com/getto-systems/project-example-id/client/password_change.go:22.54,24.2 1 1
github.com/getto-systems/project-example-id/client/password_change.go:26.70,30.2 3 1
github.com/getto-systems/project-example-id/client/password_change.go:31.96,33.16 2 1
github.com/getto-systems/project-example-id/client/password_change.go:37.2,38.16 2 1
github.com/getto-systems/project-example-id/client/password_change.go:42.2,43.16 2 1
github.com/getto-systems/project-example-id/client/password_change.go:47.2,48.16 2 1
github.com/getto-systems/project-example-id/client/password_change.go:52.2,52.19 1 1
github.com/getto-systems/project-example-id/client/password_change.go:33.16,35.3 1 0
github.com/getto-systems/project-example-id/client/password_change.go:38.16,40.3 1 0
github.com/getto-systems/project-example-id/client/password_change.go:43.16,45.3 1 1
github.com/getto-systems/project-example-id/client/password_change.go:48.16,50.3 1 0
github.com/getto-systems/project-example-id/client/password_change.go:55.68,59.2 3 1
github.com/getto-systems/project-example-id/client/password_change.go:60.80,62.16 2 1
github.com/getto-systems/project-example-id/client/password_change.go:66.2,67.16 2 1
github.com/getto-systems/project-example-id/client/password_change.go:71.2,72.16 2 1
github.com/getto-systems/project-example-id/client/password_change.go:76.2,77.16 2 1
github.com/getto-systems/project-example-id/client/password_change.go:81.2,82.16 2 1
github.com/getto-systems/project-example-id/client/password_change.go:86.2,86.12 1 1
github.com/getto-systems/project-example-id/client/password_change.go:62.16,64.3 1 0
github.com/getto-systems/project-example-id/client/password_change.go:67.16,69.3 1 0
github.com/getto-systems/project-example-id/client/password_change.go:72.16,74.3 1 1
github.com/getto-systems/project-example-id/client/password_change.go:77.16,79.3 1 1
github.com/getto-systems/project-example-id/client/password_change.go:82.16,84.3 1 1
github.com/getto-systems/project-example-id/api_token/log/issue_content_token.go:14.75,16.2 1 0
github.com/getto-systems/project-example-id/api_token/log/issue_content_token.go:18.105,20.2 1 1
github.com/getto-systems/project-example-id/api_token/log/issue_content_token.go:21.119,23.2 1 0
github.com/getto-systems/project-example-id/api_token/log/issue_content_token.go:24.100,26.2 1 1
github.com/getto-systems/project-example-id/api_token/log/issue_content_token.go:28.127,36.2 1 1
github.com/getto-systems/project-example-id/password_reset/log/create_session.go:14.70,16.2 1 0
github.com/getto-systems/project-example-id/password_reset/log/create_session.go:18.119,20.2 1 1
github.com/getto-systems/project-example-id/password_reset/log/create_session.go:21.133,23.2 1 0
github.com/getto-systems/project-example-id/password_reset/log/create_session.go:24.159,26.2 1 1
github.com/getto-systems/project-example-id/password_reset/log/create_session.go:27.179,29.2 1 1
github.com/getto-systems/project-example-id/password_reset/log/create_session.go:31.208,44.2 1 1
github.com/getto-systems/project-example-id/password_reset/log/main.go:13.42,17.2 1 1
github.com/getto-systems/project-example-id/password_reset/log/main.go:19.51,21.2 1 0
github.com/getto-systems/project-example-id/password_reset/log/push_send_token_job.go:12.76,14.2 1 0
github.com/getto-systems/project-example-id/password_reset/log/push_send_token_job.go:16.131,18.2 1 1
github.com/getto-systems/project-example-id/password_reset/log/push_send_token_job.go:19.145,21.2 1 0
github.com/getto-systems/project-example-id/password_reset/log/push_send_token_job.go:22.126,24.2 1 1
github.com/getto-systems/project-example-id/password_reset/log/push_send_token_job.go:26.153,36.2 1 1
github.com/getto-systems/project-example-id/ticket/extend.go:22.115,28.2 1 1
github.com/getto-systems/project-example-id/ticket/extend.go:30.146,35.16 3 1
github.com/getto-systems/project-example-id/ticket/extend.go:39.2,39.12 1 1
github.com/getto-systems/project-example-id/ticket/extend.go:46.2,49.16 3 1
github.com/getto-systems/project-example-id/ticket/extend.go:54.2,57.32 3 1
github.com/getto-systems/project-example-id/ticket/extend.go:35.16,38.3 2 0
github.com/getto-systems/project-example-id/ticket/extend.go:39.12,44.3 3 0
github.com/getto-systems/project-example-id/ticket/extend.go:49.16,52.3 2 0
github.com/getto-systems/project-example-id/password/check_length.go:17.56,18.19 1 1
github.com/getto-systems/project-example-id/password/check_length.go:23.2,23.35 1 1
github.com/getto-systems/project-example-id/password/check_length.go:28.2,28.12 1 1
github.com/getto-systems/project-example-id/password/check_length.go:18.19,21.3 2 1
github.com/getto-systems/project-example-id/password/check_length.go:23.35,26.3 2 1
github.com/getto-systems/project-example-id/api_token/issue_api_token.go:16.146,22.2 1 1
github.com/getto-systems/project-example-id/api_token/issue_api_token.go:24.132,28.16 3 1
github.com/getto-systems/project-example-id/api_token/issue_api_token.go:32.2,32.12 1 1
github.com/getto-systems/project-example-id/api_token/issue_api_token.go:37.2,38.16 2 1
github.com/getto-systems/project-example-id/api_token/issue_api_token.go:43.2,44.19 2 1
github.com/getto-systems/project-example-id/api_token/issue_api_token.go:28.16,31.3 2 0
github.com/getto-systems/project-example-id/api_token/issue_api_token.go:32.12,35.3 1 1
github.com/getto-systems/project-example-id/api_token/issue_api_token.go:38.16,41.3 2 0
